<?xml version="1.0" encoding="UTF-8"?>
<testsuite xmlns:xsi="http://www.w3.org/2001/XMLSchema-instance" xsi:noNamespaceSchemaLocation="https://maven.apache.org/surefire/maven-surefire-plugin/xsd/surefire-test-report-3.0.xsd" version="3.0" name="TestSuite" time="1,688.92" tests="11" errors="0" skipped="0" failures="9">
  <properties>
[...]
</properties>
  <testcase name="loginInvalidTest" classname="test.LoginPageTest" time="129.521">
    <system-out><![CDATA[======================================== STARTING TEST loginInvalidTest ========================================
======================================== STARTING TEST loginInvalidTest ========================================
======================================== STARTING TEST loginInvalidTest ========================================
======================================== STARTING TEST loginInvalidTest ========================================
2022-06-14 02:13:06.247 INFO [TestNG-test= LoginPageTest-1] [page.LoginPage] - Opening login page
2022-06-14 02:13:46.877 INFO [TestNG-test= LoginPageTest-1] [page.LoginPage] - Enter email addres
2022-06-14 02:13:47.895 INFO [TestNG-test= LoginPageTest-1] [page.LoginPage] - Enter email addres
2022-06-14 02:13:48.005 INFO [TestNG-test= LoginPageTest-1] [page.LoginPage] - Clic on the login button
2022-06-14 02:15:11.493 INFO [TestNG-test= LoginPageTest-1] [page.MainPage] - Get invalud text of main page
======================================== FINISHED TEST loginInvalidTest Duration: 125s ========================================
]]></system-out>
    <system-err><![CDATA[log4j:WARN No appenders could be found for logger (io.github.bonigarcia.wdm.cache.ResolutionCache).
log4j:WARN Please initialize the log4j system properly.
log4j:WARN See http://logging.apache.org/log4j/1.2/faq.html#noconfig for more info.
Starting ChromeDriver 102.0.5005.61 (0e59bcc00cc4985ce39ad31c150065f159d95ad3-refs/branch-heads/5005@{#819}) on port 17992
Only local connections are allowed.
Please see https://chromedriver.chromium.org/security-considerations for suggestions on keeping ChromeDriver safe.
ChromeDriver was started successfully.
июн 14, 2022 2:13:05 AM org.openqa.selenium.remote.ProtocolHandshake createSession
INFO: Detected dialect: W3C
]]></system-err>
  </testcase>
  <testcase name="loginTest" classname="test.LoginPageTest" time="167.094">
    <failure message="no such element: Unable to locate element: {&quot;method&quot;:&quot;xpath&quot;,&quot;selector&quot;:&quot;//p[@class=&apos;info-account&apos;]&quot;}&#10;  (Session info: chrome=102.0.5005.115)&#10;For documentation on this error, please visit: https://www.seleniumhq.org/exceptions/no_such_element.html&#10;Build info: version: &apos;3.141.59&apos;, revision: &apos;e82be7d358&apos;, time: &apos;2018-11-14T08:17:03&apos;&#10;System info: host: &apos;HOME-PC&apos;, ip: &apos;192.168.0.105&apos;, os.name: &apos;Windows 8.1&apos;, os.arch: &apos;amd64&apos;, os.version: &apos;6.3&apos;, java.version: &apos;1.8.0_321&apos;&#10;Driver info: org.openqa.selenium.chrome.ChromeDriver&#10;Capabilities {acceptInsecureCerts: false, browserName: chrome, browserVersion: 102.0.5005.115, chrome: {chromedriverVersion: 102.0.5005.61 (0e59bcc00cc4..., userDataDir: C:\Users\4231~1\AppData\Loc...}, goog:chromeOptions: {debuggerAddress: localhost:53784}, javascriptEnabled: true, networkConnectionEnabled: false, pageLoadStrategy: normal, platform: WINDOWS, platformName: WINDOWS, proxy: Proxy(), setWindowRect: true, strictFileInteractability: false, timeouts: {implicit: 0, pageLoad: 300000, script: 30000}, unhandledPromptBehavior: dismiss and notify, webauthn:extension:credBlob: true, webauthn:extension:largeBlob: true, webauthn:virtualAuthenticators: true}&#10;Session ID: 8de7cca5f91787512a9f8b9d3082cf0b&#10;*** Element info: {Using=xpath, value=//p[@class=&apos;info-account&apos;]}" type="org.openqa.selenium.NoSuchElementException"><![CDATA[org.openqa.selenium.NoSuchElementException: 
no such element: Unable to locate element: {"method":"xpath","selector":"//p[@class='info-account']"}
  (Session info: chrome=102.0.5005.115)
For documentation on this error, please visit: https://www.seleniumhq.org/exceptions/no_such_element.html
Build info: version: '3.141.59', revision: 'e82be7d358', time: '2018-11-14T08:17:03'
System info: host: 'HOME-PC', ip: '192.168.0.105', os.name: 'Windows 8.1', os.arch: 'amd64', os.version: '6.3', java.version: '1.8.0_321'
Driver info: org.openqa.selenium.chrome.ChromeDriver
Capabilities {acceptInsecureCerts: false, browserName: chrome, browserVersion: 102.0.5005.115, chrome: {chromedriverVersion: 102.0.5005.61 (0e59bcc00cc4..., userDataDir: C:\Users\4231~1\AppData\Loc...}, goog:chromeOptions: {debuggerAddress: localhost:53784}, javascriptEnabled: true, networkConnectionEnabled: false, pageLoadStrategy: normal, platform: WINDOWS, platformName: WINDOWS, proxy: Proxy(), setWindowRect: true, strictFileInteractability: false, timeouts: {implicit: 0, pageLoad: 300000, script: 30000}, unhandledPromptBehavior: dismiss and notify, webauthn:extension:credBlob: true, webauthn:extension:largeBlob: true, webauthn:virtualAuthenticators: true}
Session ID: 8de7cca5f91787512a9f8b9d3082cf0b
*** Element info: {Using=xpath, value=//p[@class='info-account']}
	at test.LoginPageTest.loginTest(LoginPageTest.java:21)
]]></failure>
    <system-out><![CDATA[======================================== FINISHED TEST loginInvalidTest Duration: 125s ========================================
======================================== FINISHED TEST loginInvalidTest Duration: 125s ========================================
======================================== FINISHED TEST loginInvalidTest Duration: 125s ========================================
======================================== STARTING TEST loginTest ========================================
======================================== STARTING TEST loginTest ========================================
======================================== STARTING TEST loginTest ========================================
======================================== STARTING TEST loginTest ========================================
2022-06-14 02:15:14.572 INFO [TestNG-test= LoginPageTest-1] [page.LoginPage] - Opening login page
2022-06-14 02:16:42.840 INFO [TestNG-test= LoginPageTest-1] [page.LoginPage] - Enter email addres
2022-06-14 02:16:42.946 INFO [TestNG-test= LoginPageTest-1] [page.LoginPage] - Enter email addres
2022-06-14 02:16:43.061 INFO [TestNG-test= LoginPageTest-1] [page.LoginPage] - Clic on the login button
2022-06-14 02:18:03.848 INFO [TestNG-test= LoginPageTest-1] [page.MainPage] - Get message of main page
======================================== FAILED TEST loginTest Duration: 169s ========================================
]]></system-out>
  </testcase>
  <testcase name="createAddressTest" classname="test.AddresPageTest" time="187.838">
    <failure message="no such element: Unable to locate element: {&quot;method&quot;:&quot;xpath&quot;,&quot;selector&quot;:&quot;//input[@id=&apos;firstname&apos;]&quot;}&#10;  (Session info: chrome=102.0.5005.115)&#10;For documentation on this error, please visit: https://www.seleniumhq.org/exceptions/no_such_element.html&#10;Build info: version: &apos;3.141.59&apos;, revision: &apos;e82be7d358&apos;, time: &apos;2018-11-14T08:17:03&apos;&#10;System info: host: &apos;HOME-PC&apos;, ip: &apos;192.168.0.105&apos;, os.name: &apos;Windows 8.1&apos;, os.arch: &apos;amd64&apos;, os.version: &apos;6.3&apos;, java.version: &apos;1.8.0_321&apos;&#10;Driver info: org.openqa.selenium.chrome.ChromeDriver&#10;Capabilities {acceptInsecureCerts: false, browserName: chrome, browserVersion: 102.0.5005.115, chrome: {chromedriverVersion: 102.0.5005.61 (0e59bcc00cc4..., userDataDir: C:\Users\4231~1\AppData\Loc...}, goog:chromeOptions: {debuggerAddress: localhost:54008}, javascriptEnabled: true, networkConnectionEnabled: false, pageLoadStrategy: normal, platform: WINDOWS, platformName: WINDOWS, proxy: Proxy(), setWindowRect: true, strictFileInteractability: false, timeouts: {implicit: 0, pageLoad: 300000, script: 30000}, unhandledPromptBehavior: dismiss and notify, webauthn:extension:credBlob: true, webauthn:extension:largeBlob: true, webauthn:virtualAuthenticators: true}&#10;Session ID: cfb6d806401865bbb573317eed10697b&#10;*** Element info: {Using=xpath, value=//input[@id=&apos;firstname&apos;]}" type="org.openqa.selenium.NoSuchElementException"><![CDATA[org.openqa.selenium.NoSuchElementException: 
no such element: Unable to locate element: {"method":"xpath","selector":"//input[@id='firstname']"}
  (Session info: chrome=102.0.5005.115)
For documentation on this error, please visit: https://www.seleniumhq.org/exceptions/no_such_element.html
Build info: version: '3.141.59', revision: 'e82be7d358', time: '2018-11-14T08:17:03'
System info: host: 'HOME-PC', ip: '192.168.0.105', os.name: 'Windows 8.1', os.arch: 'amd64', os.version: '6.3', java.version: '1.8.0_321'
Driver info: org.openqa.selenium.chrome.ChromeDriver
Capabilities {acceptInsecureCerts: false, browserName: chrome, browserVersion: 102.0.5005.115, chrome: {chromedriverVersion: 102.0.5005.61 (0e59bcc00cc4..., userDataDir: C:\Users\4231~1\AppData\Loc...}, goog:chromeOptions: {debuggerAddress: localhost:54008}, javascriptEnabled: true, networkConnectionEnabled: false, pageLoadStrategy: normal, platform: WINDOWS, platformName: WINDOWS, proxy: Proxy(), setWindowRect: true, strictFileInteractability: false, timeouts: {implicit: 0, pageLoad: 300000, script: 30000}, unhandledPromptBehavior: dismiss and notify, webauthn:extension:credBlob: true, webauthn:extension:largeBlob: true, webauthn:virtualAuthenticators: true}
Session ID: cfb6d806401865bbb573317eed10697b
*** Element info: {Using=xpath, value=//input[@id='firstname']}
	at test.AddresPageTest.createAddressTest(AddresPageTest.java:21)
]]></failure>
    <system-out><![CDATA[======================================== FAILED TEST loginTest Duration: 169s ========================================
======================================== FAILED TEST loginTest Duration: 169s ========================================
======================================== FAILED TEST loginTest Duration: 169s ========================================
======================================== STARTING TEST createAddressTest ========================================
======================================== STARTING TEST createAddressTest ========================================
======================================== STARTING TEST createAddressTest ========================================
2022-06-14 02:18:21.612 INFO [TestNG-test=AddresPageTest-1] [page.LoginPage] - Opening login page
2022-06-14 02:19:32.752 INFO [TestNG-test=AddresPageTest-1] [page.LoginPage] - Enter email addres
2022-06-14 02:19:34.957 INFO [TestNG-test=AddresPageTest-1] [page.LoginPage] - Enter email addres
2022-06-14 02:19:35.287 INFO [TestNG-test=AddresPageTest-1] [page.LoginPage] - Clic on the login button
2022-06-14 02:20:31.005 INFO [TestNG-test=AddresPageTest-1] [page.AddresPage] - Open address page by URL
2022-06-14 02:21:29.522 INFO [TestNG-test=AddresPageTest-1] [page.AddresPage] - Enter a first name
======================================== FAILED TEST createAddressTest Duration: 187s ========================================
]]></system-out>
    <system-err><![CDATA[Starting ChromeDriver 102.0.5005.61 (0e59bcc00cc4985ce39ad31c150065f159d95ad3-refs/branch-heads/5005@{#819}) on port 47583
Only local connections are allowed.
Please see https://chromedriver.chromium.org/security-considerations for suggestions on keeping ChromeDriver safe.
ChromeDriver was started successfully.
июн 14, 2022 2:18:19 AM org.openqa.selenium.remote.ProtocolHandshake createSession
INFO: Detected dialect: W3C
]]></system-err>
  </testcase>
  <testcase name="deleteAddressTest" classname="test.AddresPageTest" time="161.337">
    <failure message="no such element: Unable to locate element: {&quot;method&quot;:&quot;xpath&quot;,&quot;selector&quot;:&quot;//a[@title=&apos;Delete&apos;]&quot;}&#10;  (Session info: chrome=102.0.5005.115)&#10;For documentation on this error, please visit: https://www.seleniumhq.org/exceptions/no_such_element.html&#10;Build info: version: &apos;3.141.59&apos;, revision: &apos;e82be7d358&apos;, time: &apos;2018-11-14T08:17:03&apos;&#10;System info: host: &apos;HOME-PC&apos;, ip: &apos;192.168.0.105&apos;, os.name: &apos;Windows 8.1&apos;, os.arch: &apos;amd64&apos;, os.version: &apos;6.3&apos;, java.version: &apos;1.8.0_321&apos;&#10;Driver info: org.openqa.selenium.chrome.ChromeDriver&#10;Capabilities {acceptInsecureCerts: false, browserName: chrome, browserVersion: 102.0.5005.115, chrome: {chromedriverVersion: 102.0.5005.61 (0e59bcc00cc4..., userDataDir: C:\Users\4231~1\AppData\Loc...}, goog:chromeOptions: {debuggerAddress: localhost:54008}, javascriptEnabled: true, networkConnectionEnabled: false, pageLoadStrategy: normal, platform: WINDOWS, platformName: WINDOWS, proxy: Proxy(), setWindowRect: true, strictFileInteractability: false, timeouts: {implicit: 0, pageLoad: 300000, script: 30000}, unhandledPromptBehavior: dismiss and notify, webauthn:extension:credBlob: true, webauthn:extension:largeBlob: true, webauthn:virtualAuthenticators: true}&#10;Session ID: cfb6d806401865bbb573317eed10697b&#10;*** Element info: {Using=xpath, value=//a[@title=&apos;Delete&apos;]}" type="org.openqa.selenium.NoSuchElementException"><![CDATA[org.openqa.selenium.NoSuchElementException: 
no such element: Unable to locate element: {"method":"xpath","selector":"//a[@title='Delete']"}
  (Session info: chrome=102.0.5005.115)
For documentation on this error, please visit: https://www.seleniumhq.org/exceptions/no_such_element.html
Build info: version: '3.141.59', revision: 'e82be7d358', time: '2018-11-14T08:17:03'
System info: host: 'HOME-PC', ip: '192.168.0.105', os.name: 'Windows 8.1', os.arch: 'amd64', os.version: '6.3', java.version: '1.8.0_321'
Driver info: org.openqa.selenium.chrome.ChromeDriver
Capabilities {acceptInsecureCerts: false, browserName: chrome, browserVersion: 102.0.5005.115, chrome: {chromedriverVersion: 102.0.5005.61 (0e59bcc00cc4..., userDataDir: C:\Users\4231~1\AppData\Loc...}, goog:chromeOptions: {debuggerAddress: localhost:54008}, javascriptEnabled: true, networkConnectionEnabled: false, pageLoadStrategy: normal, platform: WINDOWS, platformName: WINDOWS, proxy: Proxy(), setWindowRect: true, strictFileInteractability: false, timeouts: {implicit: 0, pageLoad: 300000, script: 30000}, unhandledPromptBehavior: dismiss and notify, webauthn:extension:credBlob: true, webauthn:extension:largeBlob: true, webauthn:virtualAuthenticators: true}
Session ID: cfb6d806401865bbb573317eed10697b
*** Element info: {Using=xpath, value=//a[@title='Delete']}
	at test.AddresPageTest.deleteAddressTest(AddresPageTest.java:29)
]]></failure>
    <system-out><![CDATA[======================================== FAILED TEST createAddressTest Duration: 187s ========================================
======================================== FAILED TEST createAddressTest Duration: 187s ========================================
======================================== STARTING TEST deleteAddressTest ========================================
======================================== STARTING TEST deleteAddressTest ========================================
======================================== STARTING TEST deleteAddressTest ========================================
2022-06-14 02:21:29.555 INFO [TestNG-test=AddresPageTest-1] [page.LoginPage] - Opening login page
2022-06-14 02:22:10.240 INFO [TestNG-test=AddresPageTest-1] [page.LoginPage] - Enter email addres
2022-06-14 02:22:10.356 INFO [TestNG-test=AddresPageTest-1] [page.LoginPage] - Enter email addres
2022-06-14 02:22:10.472 INFO [TestNG-test=AddresPageTest-1] [page.LoginPage] - Clic on the login button
2022-06-14 02:23:06.638 INFO [TestNG-test=AddresPageTest-1] [page.AddresPage] - Open address page by URL
2022-06-14 02:24:10.882 INFO [TestNG-test=AddresPageTest-1] [page.AddresPage] - Clicking on the delete address button
======================================== FAILED TEST deleteAddressTest Duration: 161s ========================================
]]></system-out>
  </testcase>
  <testcase name="errorWhileCreatingAddresTest" classname="test.AddresPageTest" time="113.18">
    <failure message="no such element: Unable to locate element: {&quot;method&quot;:&quot;xpath&quot;,&quot;selector&quot;:&quot;//input[@id=&apos;firstname&apos;]&quot;}&#10;  (Session info: chrome=102.0.5005.115)&#10;For documentation on this error, please visit: https://www.seleniumhq.org/exceptions/no_such_element.html&#10;Build info: version: &apos;3.141.59&apos;, revision: &apos;e82be7d358&apos;, time: &apos;2018-11-14T08:17:03&apos;&#10;System info: host: &apos;HOME-PC&apos;, ip: &apos;192.168.0.105&apos;, os.name: &apos;Windows 8.1&apos;, os.arch: &apos;amd64&apos;, os.version: &apos;6.3&apos;, java.version: &apos;1.8.0_321&apos;&#10;Driver info: org.openqa.selenium.chrome.ChromeDriver&#10;Capabilities {acceptInsecureCerts: false, browserName: chrome, browserVersion: 102.0.5005.115, chrome: {chromedriverVersion: 102.0.5005.61 (0e59bcc00cc4..., userDataDir: C:\Users\4231~1\AppData\Loc...}, goog:chromeOptions: {debuggerAddress: localhost:54008}, javascriptEnabled: true, networkConnectionEnabled: false, pageLoadStrategy: normal, platform: WINDOWS, platformName: WINDOWS, proxy: Proxy(), setWindowRect: true, strictFileInteractability: false, timeouts: {implicit: 0, pageLoad: 300000, script: 30000}, unhandledPromptBehavior: dismiss and notify, webauthn:extension:credBlob: true, webauthn:extension:largeBlob: true, webauthn:virtualAuthenticators: true}&#10;Session ID: cfb6d806401865bbb573317eed10697b&#10;*** Element info: {Using=xpath, value=//input[@id=&apos;firstname&apos;]}" type="org.openqa.selenium.NoSuchElementException"><![CDATA[org.openqa.selenium.NoSuchElementException: 
no such element: Unable to locate element: {"method":"xpath","selector":"//input[@id='firstname']"}
  (Session info: chrome=102.0.5005.115)
For documentation on this error, please visit: https://www.seleniumhq.org/exceptions/no_such_element.html
Build info: version: '3.141.59', revision: 'e82be7d358', time: '2018-11-14T08:17:03'
System info: host: 'HOME-PC', ip: '192.168.0.105', os.name: 'Windows 8.1', os.arch: 'amd64', os.version: '6.3', java.version: '1.8.0_321'
Driver info: org.openqa.selenium.chrome.ChromeDriver
Capabilities {acceptInsecureCerts: false, browserName: chrome, browserVersion: 102.0.5005.115, chrome: {chromedriverVersion: 102.0.5005.61 (0e59bcc00cc4..., userDataDir: C:\Users\4231~1\AppData\Loc...}, goog:chromeOptions: {debuggerAddress: localhost:54008}, javascriptEnabled: true, networkConnectionEnabled: false, pageLoadStrategy: normal, platform: WINDOWS, platformName: WINDOWS, proxy: Proxy(), setWindowRect: true, strictFileInteractability: false, timeouts: {implicit: 0, pageLoad: 300000, script: 30000}, unhandledPromptBehavior: dismiss and notify, webauthn:extension:credBlob: true, webauthn:extension:largeBlob: true, webauthn:virtualAuthenticators: true}
Session ID: cfb6d806401865bbb573317eed10697b
*** Element info: {Using=xpath, value=//input[@id='firstname']}
	at test.AddresPageTest.errorWhileCreatingAddresTest(AddresPageTest.java:36)
]]></failure>
    <system-out><![CDATA[======================================== FAILED TEST deleteAddressTest Duration: 161s ========================================
======================================== FAILED TEST deleteAddressTest Duration: 161s ========================================
======================================== STARTING TEST errorWhileCreatingAddresTest ========================================
======================================== STARTING TEST errorWhileCreatingAddresTest ========================================
======================================== STARTING TEST errorWhileCreatingAddresTest ========================================
2022-06-14 02:24:10.903 INFO [TestNG-test=AddresPageTest-1] [page.LoginPage] - Opening login page
2022-06-14 02:24:48.693 INFO [TestNG-test=AddresPageTest-1] [page.LoginPage] - Enter email addres
2022-06-14 02:24:48.804 INFO [TestNG-test=AddresPageTest-1] [page.LoginPage] - Enter email addres
2022-06-14 02:24:48.920 INFO [TestNG-test=AddresPageTest-1] [page.LoginPage] - Clic on the login button
2022-06-14 02:25:25.228 INFO [TestNG-test=AddresPageTest-1] [page.AddresPage] - Open address page by URL
2022-06-14 02:26:04.065 INFO [TestNG-test=AddresPageTest-1] [page.AddresPage] - Enter a first name
======================================== FAILED TEST errorWhileCreatingAddresTest Duration: 113s ========================================
]]></system-out>
  </testcase>
  <testcase name="catalogTest" classname="test.CatalogPageTest" time="162.066">
    <system-out><![CDATA[======================================== FAILED TEST errorWhileCreatingAddresTest Duration: 113s ========================================
======================================== FAILED TEST errorWhileCreatingAddresTest Duration: 113s ========================================
======================================== STARTING TEST catalogTest ========================================
======================================== STARTING TEST catalogTest ========================================
2022-06-14 02:26:15.469 INFO [TestNG-test=CatalogPageTest-1] [page.LoginPage] - Opening login page
2022-06-14 02:27:05.023 INFO [TestNG-test=CatalogPageTest-1] [page.LoginPage] - Enter email addres
2022-06-14 02:27:05.133 INFO [TestNG-test=CatalogPageTest-1] [page.LoginPage] - Enter email addres
2022-06-14 02:27:05.251 INFO [TestNG-test=CatalogPageTest-1] [page.LoginPage] - Clic on the login button
2022-06-14 02:27:43.008 INFO [TestNG-test=CatalogPageTest-1] [page.MainPage] - Enter request
2022-06-14 02:27:43.141 INFO [TestNG-test=CatalogPageTest-1] [page.MainPage] - Submit an inquiry
2022-06-14 02:28:57.730 INFO [TestNG-test=CatalogPageTest-1] [page.CatalogPage] - Getting text from the name produkt
======================================== FINISHED TEST catalogTest Duration: 162s ========================================
]]></system-out>
    <system-err><![CDATA[Starting ChromeDriver 102.0.5005.61 (0e59bcc00cc4985ce39ad31c150065f159d95ad3-refs/branch-heads/5005@{#819}) on port 3987
Only local connections are allowed.
Please see https://chromedriver.chromium.org/security-considerations for suggestions on keeping ChromeDriver safe.
ChromeDriver was started successfully.
июн 14, 2022 2:26:15 AM org.openqa.selenium.remote.ProtocolHandshake createSession
INFO: Detected dialect: W3C
]]></system-err>
  </testcase>
  <testcase name="addItemToCartTest" classname="test.BasketPageTest" time="175.457">
    <failure message="no such element: Unable to locate element: {&quot;method&quot;:&quot;xpath&quot;,&quot;selector&quot;:&quot;//a[@class=&apos;logout&apos;]&quot;}&#10;  (Session info: chrome=102.0.5005.115)&#10;For documentation on this error, please visit: https://www.seleniumhq.org/exceptions/no_such_element.html&#10;Build info: version: &apos;3.141.59&apos;, revision: &apos;e82be7d358&apos;, time: &apos;2018-11-14T08:17:03&apos;&#10;System info: host: &apos;HOME-PC&apos;, ip: &apos;192.168.0.105&apos;, os.name: &apos;Windows 8.1&apos;, os.arch: &apos;amd64&apos;, os.version: &apos;6.3&apos;, java.version: &apos;1.8.0_321&apos;&#10;Driver info: org.openqa.selenium.chrome.ChromeDriver&#10;Capabilities {acceptInsecureCerts: false, browserName: chrome, browserVersion: 102.0.5005.115, chrome: {chromedriverVersion: 102.0.5005.61 (0e59bcc00cc4..., userDataDir: C:\Users\4231~1\AppData\Loc...}, goog:chromeOptions: {debuggerAddress: localhost:54481}, javascriptEnabled: true, networkConnectionEnabled: false, pageLoadStrategy: normal, platform: WINDOWS, platformName: WINDOWS, proxy: Proxy(), setWindowRect: true, strictFileInteractability: false, timeouts: {implicit: 0, pageLoad: 300000, script: 30000}, unhandledPromptBehavior: dismiss and notify, webauthn:extension:credBlob: true, webauthn:extension:largeBlob: true, webauthn:virtualAuthenticators: true}&#10;Session ID: f9ec9a2ea7d238e8c9fcc1fafcdc88b4&#10;*** Element info: {Using=xpath, value=//a[@class=&apos;logout&apos;]}" type="org.openqa.selenium.NoSuchElementException"><![CDATA[org.openqa.selenium.NoSuchElementException: 
no such element: Unable to locate element: {"method":"xpath","selector":"//a[@class='logout']"}
  (Session info: chrome=102.0.5005.115)
For documentation on this error, please visit: https://www.seleniumhq.org/exceptions/no_such_element.html
Build info: version: '3.141.59', revision: 'e82be7d358', time: '2018-11-14T08:17:03'
System info: host: 'HOME-PC', ip: '192.168.0.105', os.name: 'Windows 8.1', os.arch: 'amd64', os.version: '6.3', java.version: '1.8.0_321'
Driver info: org.openqa.selenium.chrome.ChromeDriver
Capabilities {acceptInsecureCerts: false, browserName: chrome, browserVersion: 102.0.5005.115, chrome: {chromedriverVersion: 102.0.5005.61 (0e59bcc00cc4..., userDataDir: C:\Users\4231~1\AppData\Loc...}, goog:chromeOptions: {debuggerAddress: localhost:54481}, javascriptEnabled: true, networkConnectionEnabled: false, pageLoadStrategy: normal, platform: WINDOWS, platformName: WINDOWS, proxy: Proxy(), setWindowRect: true, strictFileInteractability: false, timeouts: {implicit: 0, pageLoad: 300000, script: 30000}, unhandledPromptBehavior: dismiss and notify, webauthn:extension:credBlob: true, webauthn:extension:largeBlob: true, webauthn:virtualAuthenticators: true}
Session ID: f9ec9a2ea7d238e8c9fcc1fafcdc88b4
*** Element info: {Using=xpath, value=//a[@class='logout']}
	at test.BasketPageTest.addItemToCartTest(BasketPageTest.java:26)
]]></failure>
    <system-out><![CDATA[======================================== FINISHED TEST catalogTest Duration: 162s ========================================
======================================== STARTING TEST addItemToCartTest ========================================
2022-06-14 02:29:07.284 INFO [TestNG-test=BasketPageTest-1] [page.LoginPage] - Opening login page
2022-06-14 02:29:51.516 INFO [TestNG-test=BasketPageTest-1] [page.LoginPage] - Enter email addres
2022-06-14 02:29:51.732 INFO [TestNG-test=BasketPageTest-1] [page.LoginPage] - Enter email addres
2022-06-14 02:29:51.843 INFO [TestNG-test=BasketPageTest-1] [page.LoginPage] - Clic on the login button
2022-06-14 02:30:26.859 INFO [TestNG-test=BasketPageTest-1] [page.MainPage] - Clicking on the women assortment button
2022-06-14 02:31:19.151 INFO [TestNG-test=BasketPageTest-1] [page.ProducktsPage] - Clicking on the add to the cart button
2022-06-14 02:31:19.520 INFO [TestNG-test=BasketPageTest-1] [page.ProducktsPage] - Clicking on the continue to shopping button
2022-06-14 02:31:22.417 INFO [TestNG-test=BasketPageTest-1] [page.ProducktsPage] - Clicking on the cart button
2022-06-14 02:32:03.028 INFO [TestNG-test=BasketPageTest-1] [page.BasketPage] - Getting name of item in the cart
2022-06-14 02:32:03.060 INFO [TestNG-test=BasketPageTest-1] [page.BasketPage] - Clicking on the logout button
======================================== FAILED TEST addItemToCartTest Duration: 175s ========================================
]]></system-out>
    <system-err><![CDATA[Starting ChromeDriver 102.0.5005.61 (0e59bcc00cc4985ce39ad31c150065f159d95ad3-refs/branch-heads/5005@{#819}) on port 31686
Only local connections are allowed.
Please see https://chromedriver.chromium.org/security-considerations for suggestions on keeping ChromeDriver safe.
ChromeDriver was started successfully.
июн 14, 2022 2:29:07 AM org.openqa.selenium.remote.ProtocolHandshake createSession
INFO: Detected dialect: W3C
]]></system-err>
  </testcase>
  <testcase name="correctOrderValueTest" classname="test.BasketPageTest" time="198.585">
    <failure message="no such element: Unable to locate element: {&quot;method&quot;:&quot;xpath&quot;,&quot;selector&quot;:&quot;//a[@class=&apos;logout&apos;]&quot;}&#10;  (Session info: chrome=102.0.5005.115)&#10;For documentation on this error, please visit: https://www.seleniumhq.org/exceptions/no_such_element.html&#10;Build info: version: &apos;3.141.59&apos;, revision: &apos;e82be7d358&apos;, time: &apos;2018-11-14T08:17:03&apos;&#10;System info: host: &apos;HOME-PC&apos;, ip: &apos;192.168.0.105&apos;, os.name: &apos;Windows 8.1&apos;, os.arch: &apos;amd64&apos;, os.version: &apos;6.3&apos;, java.version: &apos;1.8.0_321&apos;&#10;Driver info: org.openqa.selenium.chrome.ChromeDriver&#10;Capabilities {acceptInsecureCerts: false, browserName: chrome, browserVersion: 102.0.5005.115, chrome: {chromedriverVersion: 102.0.5005.61 (0e59bcc00cc4..., userDataDir: C:\Users\4231~1\AppData\Loc...}, goog:chromeOptions: {debuggerAddress: localhost:54481}, javascriptEnabled: true, networkConnectionEnabled: false, pageLoadStrategy: normal, platform: WINDOWS, platformName: WINDOWS, proxy: Proxy(), setWindowRect: true, strictFileInteractability: false, timeouts: {implicit: 0, pageLoad: 300000, script: 30000}, unhandledPromptBehavior: dismiss and notify, webauthn:extension:credBlob: true, webauthn:extension:largeBlob: true, webauthn:virtualAuthenticators: true}&#10;Session ID: f9ec9a2ea7d238e8c9fcc1fafcdc88b4&#10;*** Element info: {Using=xpath, value=//a[@class=&apos;logout&apos;]}" type="org.openqa.selenium.NoSuchElementException"><![CDATA[org.openqa.selenium.NoSuchElementException: 
no such element: Unable to locate element: {"method":"xpath","selector":"//a[@class='logout']"}
  (Session info: chrome=102.0.5005.115)
For documentation on this error, please visit: https://www.seleniumhq.org/exceptions/no_such_element.html
Build info: version: '3.141.59', revision: 'e82be7d358', time: '2018-11-14T08:17:03'
System info: host: 'HOME-PC', ip: '192.168.0.105', os.name: 'Windows 8.1', os.arch: 'amd64', os.version: '6.3', java.version: '1.8.0_321'
Driver info: org.openqa.selenium.chrome.ChromeDriver
Capabilities {acceptInsecureCerts: false, browserName: chrome, browserVersion: 102.0.5005.115, chrome: {chromedriverVersion: 102.0.5005.61 (0e59bcc00cc4..., userDataDir: C:\Users\4231~1\AppData\Loc...}, goog:chromeOptions: {debuggerAddress: localhost:54481}, javascriptEnabled: true, networkConnectionEnabled: false, pageLoadStrategy: normal, platform: WINDOWS, platformName: WINDOWS, proxy: Proxy(), setWindowRect: true, strictFileInteractability: false, timeouts: {implicit: 0, pageLoad: 300000, script: 30000}, unhandledPromptBehavior: dismiss and notify, webauthn:extension:credBlob: true, webauthn:extension:largeBlob: true, webauthn:virtualAuthenticators: true}
Session ID: f9ec9a2ea7d238e8c9fcc1fafcdc88b4
*** Element info: {Using=xpath, value=//a[@class='logout']}
	at test.BasketPageTest.correctOrderValueTest(BasketPageTest.java:62)
]]></failure>
    <system-out><![CDATA[======================================== STARTING TEST correctOrderValueTest ========================================
2022-06-14 02:32:03.076 INFO [TestNG-test=BasketPageTest-1] [page.LoginPage] - Opening login page
2022-06-14 02:33:05.189 INFO [TestNG-test=BasketPageTest-1] [page.LoginPage] - Enter email addres
2022-06-14 02:33:05.296 INFO [TestNG-test=BasketPageTest-1] [page.LoginPage] - Enter email addres
2022-06-14 02:33:05.416 INFO [TestNG-test=BasketPageTest-1] [page.LoginPage] - Clic on the login button
2022-06-14 02:33:44.735 INFO [TestNG-test=BasketPageTest-1] [page.MainPage] - Clicking on the women assortment button
2022-06-14 02:34:37.038 INFO [TestNG-test=BasketPageTest-1] [page.ProducktsPage] - Clicking on the add to the cart button
2022-06-14 02:34:37.330 INFO [TestNG-test=BasketPageTest-1] [page.ProducktsPage] - Clicking on the continue to shopping button
2022-06-14 02:34:39.528 INFO [TestNG-test=BasketPageTest-1] [page.ProducktsPage] - Clicking on the cart button
2022-06-14 02:35:21.534 INFO [TestNG-test=BasketPageTest-1] [page.BasketPage] - Getting total price of item with tax
2022-06-14 02:35:21.559 INFO [TestNG-test=BasketPageTest-1] [page.BasketPage] - Getting total order value
2022-06-14 02:35:21.582 INFO [TestNG-test=BasketPageTest-1] [page.BasketPage] - Clicking on the logout button
======================================== FAILED TEST correctOrderValueTest Duration: 198s ========================================
]]></system-out>
  </testcase>
  <testcase name="correctPriceDisplayTest" classname="test.BasketPageTest" time="179.507">
    <failure message="no such element: Unable to locate element: {&quot;method&quot;:&quot;xpath&quot;,&quot;selector&quot;:&quot;//a[@class=&apos;logout&apos;]&quot;}&#10;  (Session info: chrome=102.0.5005.115)&#10;For documentation on this error, please visit: https://www.seleniumhq.org/exceptions/no_such_element.html&#10;Build info: version: &apos;3.141.59&apos;, revision: &apos;e82be7d358&apos;, time: &apos;2018-11-14T08:17:03&apos;&#10;System info: host: &apos;HOME-PC&apos;, ip: &apos;192.168.0.105&apos;, os.name: &apos;Windows 8.1&apos;, os.arch: &apos;amd64&apos;, os.version: &apos;6.3&apos;, java.version: &apos;1.8.0_321&apos;&#10;Driver info: org.openqa.selenium.chrome.ChromeDriver&#10;Capabilities {acceptInsecureCerts: false, browserName: chrome, browserVersion: 102.0.5005.115, chrome: {chromedriverVersion: 102.0.5005.61 (0e59bcc00cc4..., userDataDir: C:\Users\4231~1\AppData\Loc...}, goog:chromeOptions: {debuggerAddress: localhost:54481}, javascriptEnabled: true, networkConnectionEnabled: false, pageLoadStrategy: normal, platform: WINDOWS, platformName: WINDOWS, proxy: Proxy(), setWindowRect: true, strictFileInteractability: false, timeouts: {implicit: 0, pageLoad: 300000, script: 30000}, unhandledPromptBehavior: dismiss and notify, webauthn:extension:credBlob: true, webauthn:extension:largeBlob: true, webauthn:virtualAuthenticators: true}&#10;Session ID: f9ec9a2ea7d238e8c9fcc1fafcdc88b4&#10;*** Element info: {Using=xpath, value=//a[@class=&apos;logout&apos;]}" type="org.openqa.selenium.NoSuchElementException"><![CDATA[org.openqa.selenium.NoSuchElementException: 
no such element: Unable to locate element: {"method":"xpath","selector":"//a[@class='logout']"}
  (Session info: chrome=102.0.5005.115)
For documentation on this error, please visit: https://www.seleniumhq.org/exceptions/no_such_element.html
Build info: version: '3.141.59', revision: 'e82be7d358', time: '2018-11-14T08:17:03'
System info: host: 'HOME-PC', ip: '192.168.0.105', os.name: 'Windows 8.1', os.arch: 'amd64', os.version: '6.3', java.version: '1.8.0_321'
Driver info: org.openqa.selenium.chrome.ChromeDriver
Capabilities {acceptInsecureCerts: false, browserName: chrome, browserVersion: 102.0.5005.115, chrome: {chromedriverVersion: 102.0.5005.61 (0e59bcc00cc4..., userDataDir: C:\Users\4231~1\AppData\Loc...}, goog:chromeOptions: {debuggerAddress: localhost:54481}, javascriptEnabled: true, networkConnectionEnabled: false, pageLoadStrategy: normal, platform: WINDOWS, platformName: WINDOWS, proxy: Proxy(), setWindowRect: true, strictFileInteractability: false, timeouts: {implicit: 0, pageLoad: 300000, script: 30000}, unhandledPromptBehavior: dismiss and notify, webauthn:extension:credBlob: true, webauthn:extension:largeBlob: true, webauthn:virtualAuthenticators: true}
Session ID: f9ec9a2ea7d238e8c9fcc1fafcdc88b4
*** Element info: {Using=xpath, value=//a[@class='logout']}
	at test.BasketPageTest.correctPriceDisplayTest(BasketPageTest.java:53)
]]></failure>
    <system-out><![CDATA[======================================== STARTING TEST correctPriceDisplayTest ========================================
2022-06-14 02:35:21.598 INFO [TestNG-test=BasketPageTest-1] [page.LoginPage] - Opening login page
2022-06-14 02:36:09.694 INFO [TestNG-test=BasketPageTest-1] [page.LoginPage] - Enter email addres
2022-06-14 02:36:09.806 INFO [TestNG-test=BasketPageTest-1] [page.LoginPage] - Enter email addres
2022-06-14 02:36:09.922 INFO [TestNG-test=BasketPageTest-1] [page.LoginPage] - Clic on the login button
2022-06-14 02:36:52.041 INFO [TestNG-test=BasketPageTest-1] [page.MainPage] - Clicking on the women assortment button
2022-06-14 02:37:45.202 INFO [TestNG-test=BasketPageTest-1] [page.ProducktsPage] - Clicking on the add to the cart button
2022-06-14 02:37:45.468 INFO [TestNG-test=BasketPageTest-1] [page.ProducktsPage] - Clicking on the continue to shopping button
2022-06-14 02:37:47.668 INFO [TestNG-test=BasketPageTest-1] [page.ProducktsPage] - Getting price of item
2022-06-14 02:37:47.694 INFO [TestNG-test=BasketPageTest-1] [page.ProducktsPage] - Clicking on the cart button
2022-06-14 02:38:21.126 INFO [TestNG-test=BasketPageTest-1] [page.BasketPage] - Getting price of item
2022-06-14 02:38:21.153 INFO [TestNG-test=BasketPageTest-1] [page.BasketPage] - Clicking on the logout button
======================================== FAILED TEST correctPriceDisplayTest Duration: 179s ========================================
]]></system-out>
  </testcase>
  <testcase name="deleteItemFromCartTest" classname="test.BasketPageTest" time="133.915">
    <failure message="Expected condition failed: waiting for visibility of [[ChromeDriver: chrome on WINDOWS (f9ec9a2ea7d238e8c9fcc1fafcdc88b4)] -&gt; xpath: //span[@title=&apos;Продолжить покупки&apos;]] (tried for 15 second(s) with 500 milliseconds interval)&#10;Build info: version: &apos;3.141.59&apos;, revision: &apos;e82be7d358&apos;, time: &apos;2018-11-14T08:17:03&apos;&#10;System info: host: &apos;HOME-PC&apos;, ip: &apos;192.168.0.105&apos;, os.name: &apos;Windows 8.1&apos;, os.arch: &apos;amd64&apos;, os.version: &apos;6.3&apos;, java.version: &apos;1.8.0_321&apos;&#10;Driver info: org.openqa.selenium.chrome.ChromeDriver&#10;Capabilities {acceptInsecureCerts: false, browserName: chrome, browserVersion: 102.0.5005.115, chrome: {chromedriverVersion: 102.0.5005.61 (0e59bcc00cc4..., userDataDir: C:\Users\4231~1\AppData\Loc...}, goog:chromeOptions: {debuggerAddress: localhost:54481}, javascriptEnabled: true, networkConnectionEnabled: false, pageLoadStrategy: normal, platform: WINDOWS, platformName: WINDOWS, proxy: Proxy(), setWindowRect: true, strictFileInteractability: false, timeouts: {implicit: 0, pageLoad: 300000, script: 30000}, unhandledPromptBehavior: dismiss and notify, webauthn:extension:credBlob: true, webauthn:extension:largeBlob: true, webauthn:virtualAuthenticators: true}&#10;Session ID: f9ec9a2ea7d238e8c9fcc1fafcdc88b4" type="org.openqa.selenium.TimeoutException"><![CDATA[org.openqa.selenium.TimeoutException: 
Expected condition failed: waiting for visibility of [[ChromeDriver: chrome on WINDOWS (f9ec9a2ea7d238e8c9fcc1fafcdc88b4)] -> xpath: //span[@title='Продолжить покупки']] (tried for 15 second(s) with 500 milliseconds interval)
Build info: version: '3.141.59', revision: 'e82be7d358', time: '2018-11-14T08:17:03'
System info: host: 'HOME-PC', ip: '192.168.0.105', os.name: 'Windows 8.1', os.arch: 'amd64', os.version: '6.3', java.version: '1.8.0_321'
Driver info: org.openqa.selenium.chrome.ChromeDriver
Capabilities {acceptInsecureCerts: false, browserName: chrome, browserVersion: 102.0.5005.115, chrome: {chromedriverVersion: 102.0.5005.61 (0e59bcc00cc4..., userDataDir: C:\Users\4231~1\AppData\Loc...}, goog:chromeOptions: {debuggerAddress: localhost:54481}, javascriptEnabled: true, networkConnectionEnabled: false, pageLoadStrategy: normal, platform: WINDOWS, platformName: WINDOWS, proxy: Proxy(), setWindowRect: true, strictFileInteractability: false, timeouts: {implicit: 0, pageLoad: 300000, script: 30000}, unhandledPromptBehavior: dismiss and notify, webauthn:extension:credBlob: true, webauthn:extension:largeBlob: true, webauthn:virtualAuthenticators: true}
Session ID: f9ec9a2ea7d238e8c9fcc1fafcdc88b4
	at test.BasketPageTest.deleteItemFromCartTest(BasketPageTest.java:33)
]]></failure>
    <system-out><![CDATA[======================================== STARTING TEST deleteItemFromCartTest ========================================
2022-06-14 02:38:21.172 INFO [TestNG-test=BasketPageTest-1] [page.LoginPage] - Opening login page
2022-06-14 02:38:55.422 INFO [TestNG-test=BasketPageTest-1] [page.LoginPage] - Enter email addres
2022-06-14 02:38:55.534 INFO [TestNG-test=BasketPageTest-1] [page.LoginPage] - Enter email addres
2022-06-14 02:38:55.651 INFO [TestNG-test=BasketPageTest-1] [page.LoginPage] - Clic on the login button
2022-06-14 02:39:35.938 INFO [TestNG-test=BasketPageTest-1] [page.MainPage] - Clicking on the women assortment button
2022-06-14 02:40:19.683 INFO [TestNG-test=BasketPageTest-1] [page.ProducktsPage] - Clicking on the add to the cart button
2022-06-14 02:40:19.960 INFO [TestNG-test=BasketPageTest-1] [page.ProducktsPage] - Clicking on the continue to shopping button
======================================== FAILED TEST deleteItemFromCartTest Duration: 133s ========================================
]]></system-out>
  </testcase>
  <testcase name="logoutTest" classname="test.BasketPageTest" time="0.013">
    <failure message="no such element: Unable to locate element: {&quot;method&quot;:&quot;xpath&quot;,&quot;selector&quot;:&quot;//a[@class=&apos;logout&apos;]&quot;}&#10;  (Session info: chrome=102.0.5005.115)&#10;For documentation on this error, please visit: https://www.seleniumhq.org/exceptions/no_such_element.html&#10;Build info: version: &apos;3.141.59&apos;, revision: &apos;e82be7d358&apos;, time: &apos;2018-11-14T08:17:03&apos;&#10;System info: host: &apos;HOME-PC&apos;, ip: &apos;192.168.0.105&apos;, os.name: &apos;Windows 8.1&apos;, os.arch: &apos;amd64&apos;, os.version: &apos;6.3&apos;, java.version: &apos;1.8.0_321&apos;&#10;Driver info: org.openqa.selenium.chrome.ChromeDriver&#10;Capabilities {acceptInsecureCerts: false, browserName: chrome, browserVersion: 102.0.5005.115, chrome: {chromedriverVersion: 102.0.5005.61 (0e59bcc00cc4..., userDataDir: C:\Users\4231~1\AppData\Loc...}, goog:chromeOptions: {debuggerAddress: localhost:54481}, javascriptEnabled: true, networkConnectionEnabled: false, pageLoadStrategy: normal, platform: WINDOWS, platformName: WINDOWS, proxy: Proxy(), setWindowRect: true, strictFileInteractability: false, timeouts: {implicit: 0, pageLoad: 300000, script: 30000}, unhandledPromptBehavior: dismiss and notify, webauthn:extension:credBlob: true, webauthn:extension:largeBlob: true, webauthn:virtualAuthenticators: true}&#10;Session ID: f9ec9a2ea7d238e8c9fcc1fafcdc88b4&#10;*** Element info: {Using=xpath, value=//a[@class=&apos;logout&apos;]}" type="org.openqa.selenium.NoSuchElementException"><![CDATA[org.openqa.selenium.NoSuchElementException: 
no such element: Unable to locate element: {"method":"xpath","selector":"//a[@class='logout']"}
  (Session info: chrome=102.0.5005.115)
For documentation on this error, please visit: https://www.seleniumhq.org/exceptions/no_such_element.html
Build info: version: '3.141.59', revision: 'e82be7d358', time: '2018-11-14T08:17:03'
System info: host: 'HOME-PC', ip: '192.168.0.105', os.name: 'Windows 8.1', os.arch: 'amd64', os.version: '6.3', java.version: '1.8.0_321'
Driver info: org.openqa.selenium.chrome.ChromeDriver
Capabilities {acceptInsecureCerts: false, browserName: chrome, browserVersion: 102.0.5005.115, chrome: {chromedriverVersion: 102.0.5005.61 (0e59bcc00cc4..., userDataDir: C:\Users\4231~1\AppData\Loc...}, goog:chromeOptions: {debuggerAddress: localhost:54481}, javascriptEnabled: true, networkConnectionEnabled: false, pageLoadStrategy: normal, platform: WINDOWS, platformName: WINDOWS, proxy: Proxy(), setWindowRect: true, strictFileInteractability: false, timeouts: {implicit: 0, pageLoad: 300000, script: 30000}, unhandledPromptBehavior: dismiss and notify, webauthn:extension:credBlob: true, webauthn:extension:largeBlob: true, webauthn:virtualAuthenticators: true}
Session ID: f9ec9a2ea7d238e8c9fcc1fafcdc88b4
*** Element info: {Using=xpath, value=//a[@class='logout']}
	at test.BasketPageTest.logoutTest(BasketPageTest.java:42)
]]></failure>
    <system-out><![CDATA[======================================== STARTING TEST logoutTest ========================================
2022-06-14 02:40:35.093 INFO [TestNG-test=BasketPageTest-1] [page.BasketPage] - Clicking on the logout button
======================================== FAILED TEST logoutTest Duration: 0s ========================================
]]></system-out>
  </testcase>
</testsuite>