<?xml version="1.0" encoding="UTF-8"?>
<testsuite xmlns:xsi="http://www.w3.org/2001/XMLSchema-instance" xsi:noNamespaceSchemaLocation="https://maven.apache.org/surefire/maven-surefire-plugin/xsd/surefire-test-report-3.0.xsd" version="3.0" name="TestSuite" time="1,405.837" tests="10" errors="0" skipped="0" failures="3">
  <properties>
[...]
</properties>
  <testcase name="loginInvalidTest" classname="test.LoginPageTest" time="90.212">
    <system-out><![CDATA[======================================== STARTING TEST loginInvalidTest ========================================
======================================== STARTING TEST loginInvalidTest ========================================
======================================== STARTING TEST loginInvalidTest ========================================
======================================== STARTING TEST loginInvalidTest ========================================
2022-06-15 18:09:51.201 INFO [TestNG-test= LoginPageTest-1] [page.LoginPage] - Opening login page
2022-06-15 18:10:40.587 INFO [TestNG-test= LoginPageTest-1] [page.LoginPage] - Enter email addres
2022-06-15 18:10:42.756 INFO [TestNG-test= LoginPageTest-1] [page.LoginPage] - Enter password addres
2022-06-15 18:10:42.938 INFO [TestNG-test= LoginPageTest-1] [page.LoginPage] - Clic on the login button
2022-06-15 18:11:21.126 INFO [TestNG-test= LoginPageTest-1] [page.MainPage] - Get invalud text of main page
======================================== FINISHED TEST loginInvalidTest Duration: 90s ========================================
]]></system-out>
    <system-err><![CDATA[log4j:WARN No appenders could be found for logger (io.github.bonigarcia.wdm.cache.ResolutionCache).
log4j:WARN Please initialize the log4j system properly.
log4j:WARN See http://logging.apache.org/log4j/1.2/faq.html#noconfig for more info.
Starting ChromeDriver 102.0.5005.61 (0e59bcc00cc4985ce39ad31c150065f159d95ad3-refs/branch-heads/5005@{#819}) on port 35109
Only local connections are allowed.
Please see https://chromedriver.chromium.org/security-considerations for suggestions on keeping ChromeDriver safe.
ChromeDriver was started successfully.
июн 15, 2022 6:09:47 PM org.openqa.selenium.remote.ProtocolHandshake createSession
INFO: Detected dialect: W3C
]]></system-err>
  </testcase>
  <testcase name="loginTest" classname="test.LoginPageTest" time="127.381">
    <system-out><![CDATA[======================================== FINISHED TEST loginInvalidTest Duration: 90s ========================================
======================================== FINISHED TEST loginInvalidTest Duration: 90s ========================================
======================================== FINISHED TEST loginInvalidTest Duration: 90s ========================================
======================================== STARTING TEST loginTest ========================================
======================================== STARTING TEST loginTest ========================================
======================================== STARTING TEST loginTest ========================================
======================================== STARTING TEST loginTest ========================================
2022-06-15 18:11:21.720 INFO [TestNG-test= LoginPageTest-1] [page.LoginPage] - Opening login page
2022-06-15 18:12:53.293 INFO [TestNG-test= LoginPageTest-1] [page.LoginPage] - Enter email addres
2022-06-15 18:12:53.404 INFO [TestNG-test= LoginPageTest-1] [page.LoginPage] - Enter password addres
2022-06-15 18:12:53.564 INFO [TestNG-test= LoginPageTest-1] [page.LoginPage] - Clic on the login button
2022-06-15 18:13:32.818 INFO [TestNG-test= LoginPageTest-1] [page.MainPage] - Get message of main page
======================================== FINISHED TEST loginTest Duration: 131s ========================================
]]></system-out>
  </testcase>
  <testcase name="createAddressTest" classname="test.AddresPageTest" time="184.768">
    <system-out><![CDATA[======================================== FINISHED TEST loginTest Duration: 131s ========================================
======================================== FINISHED TEST loginTest Duration: 131s ========================================
======================================== FINISHED TEST loginTest Duration: 131s ========================================
======================================== STARTING TEST createAddressTest ========================================
======================================== STARTING TEST createAddressTest ========================================
======================================== STARTING TEST createAddressTest ========================================
2022-06-15 18:13:51.810 INFO [TestNG-test=AddresPageTest-1] [page.LoginPage] - Opening login page
2022-06-15 18:14:38.384 INFO [TestNG-test=AddresPageTest-1] [page.LoginPage] - Enter email addres
2022-06-15 18:14:38.502 INFO [TestNG-test=AddresPageTest-1] [page.LoginPage] - Enter password addres
2022-06-15 18:14:38.623 INFO [TestNG-test=AddresPageTest-1] [page.LoginPage] - Clic on the login button
2022-06-15 18:15:37.993 INFO [TestNG-test=AddresPageTest-1] [page.AddresPage] - Open address page by URL
2022-06-15 18:16:23.945 INFO [TestNG-test=AddresPageTest-1] [page.AddresPage] - Enter a first name
2022-06-15 18:16:24.295 INFO [TestNG-test=AddresPageTest-1] [page.AddresPage] - Enter a last name
2022-06-15 18:16:24.376 INFO [TestNG-test=AddresPageTest-1] [page.AddresPage] - Enter a company
2022-06-15 18:16:24.463 INFO [TestNG-test=AddresPageTest-1] [page.AddresPage] - Enter a address
2022-06-15 18:16:24.562 INFO [TestNG-test=AddresPageTest-1] [page.AddresPage] - Enter a zip
2022-06-15 18:16:24.636 INFO [TestNG-test=AddresPageTest-1] [page.AddresPage] - Enter a city
2022-06-15 18:16:24.711 INFO [TestNG-test=AddresPageTest-1] [page.AddresPage] - Enter a home phone
2022-06-15 18:16:24.781 INFO [TestNG-test=AddresPageTest-1] [page.AddresPage] - Enter a country
2022-06-15 18:16:25.098 INFO [TestNG-test=AddresPageTest-1] [page.AddresPage] - Enter a state
2022-06-15 18:16:25.484 INFO [TestNG-test=AddresPageTest-1] [page.AddresPage] - Entering a title of address
2022-06-15 18:16:25.644 INFO [TestNG-test=AddresPageTest-1] [page.AddresPage] - Clicking on the save button
2022-06-15 18:16:59.028 INFO [TestNG-test=AddresPageTest-1] [page.AddresPage] - Get message of addres page
======================================== FINISHED TEST createAddressTest Duration: 187s ========================================
]]></system-out>
    <system-err><![CDATA[Starting ChromeDriver 102.0.5005.61 (0e59bcc00cc4985ce39ad31c150065f159d95ad3-refs/branch-heads/5005@{#819}) on port 12219
Only local connections are allowed.
Please see https://chromedriver.chromium.org/security-considerations for suggestions on keeping ChromeDriver safe.
ChromeDriver was started successfully.
июн 15, 2022 6:13:47 PM org.openqa.selenium.remote.ProtocolHandshake createSession
INFO: Detected dialect: W3C
]]></system-err>
  </testcase>
  <testcase name="deleteAddressTest" classname="test.AddresPageTest" time="34.975">
    <failure message="no such element: Unable to locate element: {&quot;method&quot;:&quot;xpath&quot;,&quot;selector&quot;:&quot;//input[@id=&apos;email&apos;]&quot;}&#10;  (Session info: chrome=102.0.5005.115)&#10;For documentation on this error, please visit: https://www.seleniumhq.org/exceptions/no_such_element.html&#10;Build info: version: &apos;3.141.59&apos;, revision: &apos;e82be7d358&apos;, time: &apos;2018-11-14T08:17:03&apos;&#10;System info: host: &apos;HOME-PC&apos;, ip: &apos;192.168.0.105&apos;, os.name: &apos;Windows 8.1&apos;, os.arch: &apos;amd64&apos;, os.version: &apos;6.3&apos;, java.version: &apos;1.8.0_321&apos;&#10;Driver info: org.openqa.selenium.chrome.ChromeDriver&#10;Capabilities {acceptInsecureCerts: false, browserName: chrome, browserVersion: 102.0.5005.115, chrome: {chromedriverVersion: 102.0.5005.61 (0e59bcc00cc4..., userDataDir: C:\Users\4231~1\AppData\Loc...}, goog:chromeOptions: {debuggerAddress: localhost:49692}, javascriptEnabled: true, networkConnectionEnabled: false, pageLoadStrategy: normal, platform: WINDOWS, platformName: WINDOWS, proxy: Proxy(), setWindowRect: true, strictFileInteractability: false, timeouts: {implicit: 0, pageLoad: 300000, script: 30000}, unhandledPromptBehavior: dismiss and notify, webauthn:extension:credBlob: true, webauthn:extension:largeBlob: true, webauthn:virtualAuthenticators: true}&#10;Session ID: 53db4225ca7240817afc2dde36d6602f&#10;*** Element info: {Using=xpath, value=//input[@id=&apos;email&apos;]}" type="org.openqa.selenium.NoSuchElementException"><![CDATA[org.openqa.selenium.NoSuchElementException: 
no such element: Unable to locate element: {"method":"xpath","selector":"//input[@id='email']"}
  (Session info: chrome=102.0.5005.115)
For documentation on this error, please visit: https://www.seleniumhq.org/exceptions/no_such_element.html
Build info: version: '3.141.59', revision: 'e82be7d358', time: '2018-11-14T08:17:03'
System info: host: 'HOME-PC', ip: '192.168.0.105', os.name: 'Windows 8.1', os.arch: 'amd64', os.version: '6.3', java.version: '1.8.0_321'
Driver info: org.openqa.selenium.chrome.ChromeDriver
Capabilities {acceptInsecureCerts: false, browserName: chrome, browserVersion: 102.0.5005.115, chrome: {chromedriverVersion: 102.0.5005.61 (0e59bcc00cc4..., userDataDir: C:\Users\4231~1\AppData\Loc...}, goog:chromeOptions: {debuggerAddress: localhost:49692}, javascriptEnabled: true, networkConnectionEnabled: false, pageLoadStrategy: normal, platform: WINDOWS, platformName: WINDOWS, proxy: Proxy(), setWindowRect: true, strictFileInteractability: false, timeouts: {implicit: 0, pageLoad: 300000, script: 30000}, unhandledPromptBehavior: dismiss and notify, webauthn:extension:credBlob: true, webauthn:extension:largeBlob: true, webauthn:virtualAuthenticators: true}
Session ID: 53db4225ca7240817afc2dde36d6602f
*** Element info: {Using=xpath, value=//input[@id='email']}
	at test.AddresPageTest.deleteAddressTest(AddresPageTest.java:29)
]]></failure>
    <system-out><![CDATA[======================================== FINISHED TEST createAddressTest Duration: 187s ========================================
======================================== FINISHED TEST createAddressTest Duration: 187s ========================================
======================================== STARTING TEST deleteAddressTest ========================================
======================================== STARTING TEST deleteAddressTest ========================================
======================================== STARTING TEST deleteAddressTest ========================================
2022-06-15 18:16:59.111 INFO [TestNG-test=AddresPageTest-1] [page.LoginPage] - Opening login page
2022-06-15 18:17:33.479 INFO [TestNG-test=AddresPageTest-1] [page.LoginPage] - Enter email addres
======================================== FAILED TEST deleteAddressTest Duration: 34s ========================================
]]></system-out>
  </testcase>
  <testcase name="errorWhileCreatingAddresTest" classname="test.AddresPageTest" time="34.761">
    <failure message="no such element: Unable to locate element: {&quot;method&quot;:&quot;xpath&quot;,&quot;selector&quot;:&quot;//input[@id=&apos;email&apos;]&quot;}&#10;  (Session info: chrome=102.0.5005.115)&#10;For documentation on this error, please visit: https://www.seleniumhq.org/exceptions/no_such_element.html&#10;Build info: version: &apos;3.141.59&apos;, revision: &apos;e82be7d358&apos;, time: &apos;2018-11-14T08:17:03&apos;&#10;System info: host: &apos;HOME-PC&apos;, ip: &apos;192.168.0.105&apos;, os.name: &apos;Windows 8.1&apos;, os.arch: &apos;amd64&apos;, os.version: &apos;6.3&apos;, java.version: &apos;1.8.0_321&apos;&#10;Driver info: org.openqa.selenium.chrome.ChromeDriver&#10;Capabilities {acceptInsecureCerts: false, browserName: chrome, browserVersion: 102.0.5005.115, chrome: {chromedriverVersion: 102.0.5005.61 (0e59bcc00cc4..., userDataDir: C:\Users\4231~1\AppData\Loc...}, goog:chromeOptions: {debuggerAddress: localhost:49692}, javascriptEnabled: true, networkConnectionEnabled: false, pageLoadStrategy: normal, platform: WINDOWS, platformName: WINDOWS, proxy: Proxy(), setWindowRect: true, strictFileInteractability: false, timeouts: {implicit: 0, pageLoad: 300000, script: 30000}, unhandledPromptBehavior: dismiss and notify, webauthn:extension:credBlob: true, webauthn:extension:largeBlob: true, webauthn:virtualAuthenticators: true}&#10;Session ID: 53db4225ca7240817afc2dde36d6602f&#10;*** Element info: {Using=xpath, value=//input[@id=&apos;email&apos;]}" type="org.openqa.selenium.NoSuchElementException"><![CDATA[org.openqa.selenium.NoSuchElementException: 
no such element: Unable to locate element: {"method":"xpath","selector":"//input[@id='email']"}
  (Session info: chrome=102.0.5005.115)
For documentation on this error, please visit: https://www.seleniumhq.org/exceptions/no_such_element.html
Build info: version: '3.141.59', revision: 'e82be7d358', time: '2018-11-14T08:17:03'
System info: host: 'HOME-PC', ip: '192.168.0.105', os.name: 'Windows 8.1', os.arch: 'amd64', os.version: '6.3', java.version: '1.8.0_321'
Driver info: org.openqa.selenium.chrome.ChromeDriver
Capabilities {acceptInsecureCerts: false, browserName: chrome, browserVersion: 102.0.5005.115, chrome: {chromedriverVersion: 102.0.5005.61 (0e59bcc00cc4..., userDataDir: C:\Users\4231~1\AppData\Loc...}, goog:chromeOptions: {debuggerAddress: localhost:49692}, javascriptEnabled: true, networkConnectionEnabled: false, pageLoadStrategy: normal, platform: WINDOWS, platformName: WINDOWS, proxy: Proxy(), setWindowRect: true, strictFileInteractability: false, timeouts: {implicit: 0, pageLoad: 300000, script: 30000}, unhandledPromptBehavior: dismiss and notify, webauthn:extension:credBlob: true, webauthn:extension:largeBlob: true, webauthn:virtualAuthenticators: true}
Session ID: 53db4225ca7240817afc2dde36d6602f
*** Element info: {Using=xpath, value=//input[@id='email']}
	at test.AddresPageTest.errorWhileCreatingAddresTest(AddresPageTest.java:36)
]]></failure>
    <system-out><![CDATA[======================================== FAILED TEST deleteAddressTest Duration: 34s ========================================
======================================== FAILED TEST deleteAddressTest Duration: 34s ========================================
======================================== STARTING TEST errorWhileCreatingAddresTest ========================================
======================================== STARTING TEST errorWhileCreatingAddresTest ========================================
======================================== STARTING TEST errorWhileCreatingAddresTest ========================================
2022-06-15 18:17:33.617 INFO [TestNG-test=AddresPageTest-1] [page.LoginPage] - Opening login page
2022-06-15 18:18:08.817 INFO [TestNG-test=AddresPageTest-1] [page.LoginPage] - Enter email addres
======================================== FAILED TEST errorWhileCreatingAddresTest Duration: 35s ========================================
]]></system-out>
  </testcase>
  <testcase name="catalogTest" classname="test.CatalogPageTest" time="126.648">
    <system-out><![CDATA[======================================== FAILED TEST errorWhileCreatingAddresTest Duration: 35s ========================================
======================================== FAILED TEST errorWhileCreatingAddresTest Duration: 35s ========================================
======================================== STARTING TEST catalogTest ========================================
======================================== STARTING TEST catalogTest ========================================
2022-06-15 18:18:12.832 INFO [TestNG-test=CatalogPageTest-1] [page.LoginPage] - Opening login page
2022-06-15 18:19:03.722 INFO [TestNG-test=CatalogPageTest-1] [page.LoginPage] - Enter email addres
2022-06-15 18:19:03.830 INFO [TestNG-test=CatalogPageTest-1] [page.LoginPage] - Enter password addres
2022-06-15 18:19:03.938 INFO [TestNG-test=CatalogPageTest-1] [page.LoginPage] - Clic on the login button
2022-06-15 18:19:40.333 INFO [TestNG-test=CatalogPageTest-1] [page.MainPage] - Enter request
2022-06-15 18:19:40.448 INFO [TestNG-test=CatalogPageTest-1] [page.MainPage] - Submit an inquiry
2022-06-15 18:20:21.686 INFO [TestNG-test=CatalogPageTest-1] [page.CatalogPage] - Getting text from the name produkt
======================================== FINISHED TEST catalogTest Duration: 128s ========================================
]]></system-out>
    <system-err><![CDATA[Starting ChromeDriver 102.0.5005.61 (0e59bcc00cc4985ce39ad31c150065f159d95ad3-refs/branch-heads/5005@{#819}) on port 38026
Only local connections are allowed.
Please see https://chromedriver.chromium.org/security-considerations for suggestions on keeping ChromeDriver safe.
ChromeDriver was started successfully.
июн 15, 2022 6:18:12 PM org.openqa.selenium.remote.ProtocolHandshake createSession
INFO: Detected dialect: W3C
]]></system-err>
  </testcase>
  <testcase name="addItemToBasketTest" classname="test.BasketPageTest" time="239.214">
    <system-out><![CDATA[======================================== FINISHED TEST catalogTest Duration: 128s ========================================
======================================== STARTING TEST addItemToBasketTest ========================================
2022-06-15 18:20:25.848 INFO [TestNG-test=BasketPageTest-1] [page.LoginPage] - Opening login page
2022-06-15 18:21:15.313 INFO [TestNG-test=BasketPageTest-1] [page.LoginPage] - Enter email addres
2022-06-15 18:21:15.420 INFO [TestNG-test=BasketPageTest-1] [page.LoginPage] - Enter password addres
2022-06-15 18:21:15.532 INFO [TestNG-test=BasketPageTest-1] [page.LoginPage] - Clic on the login button
2022-06-15 18:22:14.853 INFO [TestNG-test=BasketPageTest-1] [page.MainPage] - Clicking on the women assortment button
2022-06-15 18:23:11.197 INFO [TestNG-test=BasketPageTest-1] [page.ProducktsPage] - Clicking on the add to the cart button
2022-06-15 18:23:11.776 INFO [TestNG-test=BasketPageTest-1] [page.ProducktsPage] - Clicking on the continue to shopping button
2022-06-15 18:23:14.051 INFO [TestNG-test=BasketPageTest-1] [page.ProducktsPage] - Clicking on the cart button
2022-06-15 18:23:54.745 INFO [TestNG-test=BasketPageTest-1] [page.BasketPage] - Getting name of item in the cart
2022-06-15 18:23:54.814 INFO [TestNG-test=BasketPageTest-1] [page.BasketPage] - Clicking on the logout button
======================================== FINISHED TEST addItemToBasketTest Duration: 241s ========================================
]]></system-out>
    <system-err><![CDATA[Starting ChromeDriver 102.0.5005.61 (0e59bcc00cc4985ce39ad31c150065f159d95ad3-refs/branch-heads/5005@{#819}) on port 20306
Only local connections are allowed.
Please see https://chromedriver.chromium.org/security-considerations for suggestions on keeping ChromeDriver safe.
ChromeDriver was started successfully.
июн 15, 2022 6:20:25 PM org.openqa.selenium.remote.ProtocolHandshake createSession
INFO: Detected dialect: W3C
]]></system-err>
  </testcase>
  <testcase name="correctPriceTest" classname="test.BasketPageTest" time="199.665">
    <system-out><![CDATA[======================================== STARTING TEST correctPriceTest ========================================
2022-06-15 18:24:27.565 INFO [TestNG-test=BasketPageTest-1] [page.LoginPage] - Opening login page
2022-06-15 18:25:03.584 INFO [TestNG-test=BasketPageTest-1] [page.LoginPage] - Enter email addres
2022-06-15 18:25:03.693 INFO [TestNG-test=BasketPageTest-1] [page.LoginPage] - Enter password addres
2022-06-15 18:25:03.804 INFO [TestNG-test=BasketPageTest-1] [page.LoginPage] - Clic on the login button
2022-06-15 18:25:39.498 INFO [TestNG-test=BasketPageTest-1] [page.MainPage] - Clicking on the women assortment button
2022-06-15 18:26:31.196 INFO [TestNG-test=BasketPageTest-1] [page.ProducktsPage] - Clicking on the add to the cart button
2022-06-15 18:26:31.463 INFO [TestNG-test=BasketPageTest-1] [page.ProducktsPage] - Clicking on the continue to shopping button
2022-06-15 18:26:33.698 INFO [TestNG-test=BasketPageTest-1] [page.ProducktsPage] - Getting price of item
2022-06-15 18:26:33.725 INFO [TestNG-test=BasketPageTest-1] [page.ProducktsPage] - Clicking on the cart button
2022-06-15 18:27:10.923 INFO [TestNG-test=BasketPageTest-1] [page.BasketPage] - Getting price of item
2022-06-15 18:27:10.955 INFO [TestNG-test=BasketPageTest-1] [page.BasketPage] - Clicking on the logout button
======================================== FINISHED TEST correctPriceTest Duration: 199s ========================================
]]></system-out>
  </testcase>
  <testcase name="deleteItemFromBasketTest" classname="test.BasketPageTest" time="153.93">
    <system-out><![CDATA[======================================== STARTING TEST deleteItemFromBasketTest ========================================
2022-06-15 18:27:47.207 INFO [TestNG-test=BasketPageTest-1] [page.LoginPage] - Opening login page
2022-06-15 18:28:19.737 INFO [TestNG-test=BasketPageTest-1] [page.LoginPage] - Enter email addres
2022-06-15 18:28:19.851 INFO [TestNG-test=BasketPageTest-1] [page.LoginPage] - Enter password addres
2022-06-15 18:28:19.957 INFO [TestNG-test=BasketPageTest-1] [page.LoginPage] - Clic on the login button
2022-06-15 18:28:55.847 INFO [TestNG-test=BasketPageTest-1] [page.MainPage] - Clicking on the women assortment button
2022-06-15 18:29:41.903 INFO [TestNG-test=BasketPageTest-1] [page.ProducktsPage] - Clicking on the add to the cart button
2022-06-15 18:29:42.176 INFO [TestNG-test=BasketPageTest-1] [page.ProducktsPage] - Clicking on the continue to shopping button
2022-06-15 18:29:43.869 INFO [TestNG-test=BasketPageTest-1] [page.ProducktsPage] - Clicking on the cart button
2022-06-15 18:30:21.095 INFO [TestNG-test=BasketPageTest-1] [page.BasketPage] - Clicking on the delete item button
2022-06-15 18:30:21.149 INFO [TestNG-test=BasketPageTest-1] [page.BasketPage] - Getting count of items in the basket
======================================== FINISHED TEST deleteItemFromBasketTest Duration: 153s ========================================
]]></system-out>
  </testcase>
  <testcase name="logoutTest" classname="test.BasketPageTest" time="92.022">
    <failure message="no such element: Unable to locate element: {&quot;method&quot;:&quot;xpath&quot;,&quot;selector&quot;:&quot;//input[@id=&apos;email&apos;]&quot;}&#10;  (Session info: chrome=102.0.5005.115)&#10;For documentation on this error, please visit: https://www.seleniumhq.org/exceptions/no_such_element.html&#10;Build info: version: &apos;3.141.59&apos;, revision: &apos;e82be7d358&apos;, time: &apos;2018-11-14T08:17:03&apos;&#10;System info: host: &apos;HOME-PC&apos;, ip: &apos;192.168.0.105&apos;, os.name: &apos;Windows 8.1&apos;, os.arch: &apos;amd64&apos;, os.version: &apos;6.3&apos;, java.version: &apos;1.8.0_321&apos;&#10;Driver info: org.openqa.selenium.chrome.ChromeDriver&#10;Capabilities {acceptInsecureCerts: false, browserName: chrome, browserVersion: 102.0.5005.115, chrome: {chromedriverVersion: 102.0.5005.61 (0e59bcc00cc4..., userDataDir: C:\Users\4231~1\AppData\Loc...}, goog:chromeOptions: {debuggerAddress: localhost:50090}, javascriptEnabled: true, networkConnectionEnabled: false, pageLoadStrategy: normal, platform: WINDOWS, platformName: WINDOWS, proxy: Proxy(), setWindowRect: true, strictFileInteractability: false, timeouts: {implicit: 0, pageLoad: 300000, script: 30000}, unhandledPromptBehavior: dismiss and notify, webauthn:extension:credBlob: true, webauthn:extension:largeBlob: true, webauthn:virtualAuthenticators: true}&#10;Session ID: 6b558475e530bd3f3f258b45d690977c&#10;*** Element info: {Using=xpath, value=//input[@id=&apos;email&apos;]}" type="org.openqa.selenium.NoSuchElementException"><![CDATA[org.openqa.selenium.NoSuchElementException: 
no such element: Unable to locate element: {"method":"xpath","selector":"//input[@id='email']"}
  (Session info: chrome=102.0.5005.115)
For documentation on this error, please visit: https://www.seleniumhq.org/exceptions/no_such_element.html
Build info: version: '3.141.59', revision: 'e82be7d358', time: '2018-11-14T08:17:03'
System info: host: 'HOME-PC', ip: '192.168.0.105', os.name: 'Windows 8.1', os.arch: 'amd64', os.version: '6.3', java.version: '1.8.0_321'
Driver info: org.openqa.selenium.chrome.ChromeDriver
Capabilities {acceptInsecureCerts: false, browserName: chrome, browserVersion: 102.0.5005.115, chrome: {chromedriverVersion: 102.0.5005.61 (0e59bcc00cc4..., userDataDir: C:\Users\4231~1\AppData\Loc...}, goog:chromeOptions: {debuggerAddress: localhost:50090}, javascriptEnabled: true, networkConnectionEnabled: false, pageLoadStrategy: normal, platform: WINDOWS, platformName: WINDOWS, proxy: Proxy(), setWindowRect: true, strictFileInteractability: false, timeouts: {implicit: 0, pageLoad: 300000, script: 30000}, unhandledPromptBehavior: dismiss and notify, webauthn:extension:credBlob: true, webauthn:extension:largeBlob: true, webauthn:virtualAuthenticators: true}
Session ID: 6b558475e530bd3f3f258b45d690977c
*** Element info: {Using=xpath, value=//input[@id='email']}
	at test.BasketPageTest.logoutTest(BasketPageTest.java:42)
]]></failure>
    <system-out><![CDATA[======================================== STARTING TEST logoutTest ========================================
2022-06-15 18:30:21.220 INFO [TestNG-test=BasketPageTest-1] [page.LoginPage] - Opening login page
2022-06-15 18:31:53.020 INFO [TestNG-test=BasketPageTest-1] [page.LoginPage] - Enter email addres
======================================== FAILED TEST logoutTest Duration: 91s ========================================
]]></system-out>
  </testcase>
</testsuite>